# JRE version: Java(TM) SE Runtime Environment (14.0.1+7) (build 14.0.1+7)
# Java VM: Java HotSpot(TM) 64-Bit Server VM (14.0.1+7, mixed mode, sharing, tiered, compressed oops, g1 gc, bsd-amd64)
Heap:
 garbage-first heap   total 112640K, used 55429K [0x0000000600000000, 0x0000000800000000)
  region size 2048K, 8 young (16384K), 2 survivors (4096K)
 Metaspace       used 35011K, capacity 43658K, committed 43848K, reserved 1081344K
  class space    used 8674K, capacity 11720K, committed 11776K, reserved 1048576K
GC Heap History (20 events):
Event: 33.062 GC heap before
{Heap before GC invocations=17 (full 0):
 garbage-first heap   total 96256K, used 73480K [0x0000000600000000, 0x0000000800000000)
  region size 2048K, 23 young (47104K), 3 survivors (6144K)
 Metaspace       used 33777K, capacity 41946K, committed 42184K, reserved 1081344K
  class space    used 8386K, capacity 11305K, committed 11392K, reserved 1048576K
}
Event: 33.065 GC heap after
{Heap after GC invocations=18 (full 0):
 garbage-first heap   total 96256K, used 37408K [0x0000000600000000, 0x0000000800000000)
  region size 2048K, 3 young (6144K), 3 survivors (6144K)
 Metaspace       used 33777K, capacity 41946K, committed 42184K, reserved 1081344K
  class space    used 8386K, capacity 11305K, committed 11392K, reserved 1048576K
}
Event: 33.110 GC heap before
{Heap before GC invocations=18 (full 0):
 garbage-first heap   total 96256K, used 72224K [0x0000000600000000, 0x0000000800000000)
  region size 2048K, 20 young (40960K), 3 survivors (6144K)
 Metaspace       used 33777K, capacity 41946K, committed 42184K, reserved 1081344K
  class space    used 8386K, capacity 11305K, committed 11392K, reserved 1048576K
}
Event: 33.114 GC heap after
{Heap after GC invocations=19 (full 0):
 garbage-first heap   total 96256K, used 41552K [0x0000000600000000, 0x0000000800000000)
  region size 2048K, 3 young (6144K), 3 survivors (6144K)
 Metaspace       used 33777K, capacity 41946K, committed 42184K, reserved 1081344K
  class space    used 8386K, capacity 11305K, committed 11392K, reserved 1048576K
}
Event: 33.152 GC heap before
{Heap before GC invocations=19 (full 0):
 garbage-first heap   total 96256K, used 72272K [0x0000000600000000, 0x0000000800000000)
  region size 2048K, 18 young (36864K), 3 survivors (6144K)
 Metaspace       used 33782K, capacity 42013K, committed 42184K, reserved 1081344K
  class space    used 8387K, capacity 11306K, committed 11392K, reserved 1048576K
}
Event: 33.154 GC heap after
{Heap after GC invocations=20 (full 0):
 garbage-first heap   total 96256K, used 42954K [0x0000000600000000, 0x0000000800000000)
  region size 2048K, 1 young (2048K), 1 survivors (2048K)
 Metaspace       used 33782K, capacity 42013K, committed 42184K, reserved 1081344K
  class space    used 8387K, capacity 11306K, committed 11392K, reserved 1048576K
}
Event: 33.182 GC heap before
{Heap before GC invocations=20 (full 0):
 garbage-first heap   total 96256K, used 71626K [0x0000000600000000, 0x0000000800000000)
  region size 2048K, 15 young (30720K), 1 survivors (2048K)
 Metaspace       used 33782K, capacity 42013K, committed 42184K, reserved 1081344K
  class space    used 8387K, capacity 11306K, committed 11392K, reserved 1048576K
}
Event: 33.183 GC heap after
{Heap after GC invocations=21 (full 0):
 garbage-first heap   total 96256K, used 42903K [0x0000000600000000, 0x0000000800000000)
  region size 2048K, 1 young (2048K), 1 survivors (2048K)
 Metaspace       used 33782K, capacity 42013K, committed 42184K, reserved 1081344K
  class space    used 8387K, capacity 11306K, committed 11392K, reserved 1048576K
}
Event: 33.227 GC heap before
{Heap before GC invocations=22 (full 0):
 garbage-first heap   total 112640K, used 73623K [0x0000000600000000, 0x0000000800000000)
  region size 2048K, 16 young (32768K), 1 survivors (2048K)
 Metaspace       used 33782K, capacity 42013K, committed 42184K, reserved 1081344K
  class space    used 8387K, capacity 11306K, committed 11392K, reserved 1048576K
}
Event: 33.228 GC heap after
{Heap after GC invocations=23 (full 0):
 garbage-first heap   total 112640K, used 43170K [0x0000000600000000, 0x0000000800000000)
  region size 2048K, 1 young (2048K), 1 survivors (2048K)
 Metaspace       used 33782K, capacity 42013K, committed 42184K, reserved 1081344K
  class space    used 8387K, capacity 11306K, committed 11392K, reserved 1048576K
}
Event: 33.269 GC heap before
{Heap before GC invocations=23 (full 0):
 garbage-first heap   total 112640K, used 86178K [0x0000000600000000, 0x0000000800000000)
  region size 2048K, 22 young (45056K), 1 survivors (2048K)
 Metaspace       used 33782K, capacity 42013K, committed 42184K, reserved 1081344K
  class space    used 8387K, capacity 11306K, committed 11392K, reserved 1048576K
}
Event: 33.270 GC heap after
{Heap after GC invocations=24 (full 0):
 garbage-first heap   total 112640K, used 43517K [0x0000000600000000, 0x0000000800000000)
  region size 2048K, 1 young (2048K), 1 survivors (2048K)
 Metaspace       used 33782K, capacity 42013K, committed 42184K, reserved 1081344K
  class space    used 8387K, capacity 11306K, committed 11392K, reserved 1048576K
}
Event: 33.334 GC heap before
{Heap before GC invocations=24 (full 0):
 garbage-first heap   total 112640K, used 88573K [0x0000000600000000, 0x0000000800000000)
  region size 2048K, 23 young (47104K), 1 survivors (2048K)
 Metaspace       used 33834K, capacity 42137K, committed 42440K, reserved 1081344K
  class space    used 8401K, capacity 11326K, committed 11392K, reserved 1048576K
}
Event: 33.335 GC heap after
{Heap after GC invocations=25 (full 0):
 garbage-first heap   total 112640K, used 44164K [0x0000000600000000, 0x0000000800000000)
  region size 2048K, 2 young (4096K), 2 survivors (4096K)
 Metaspace       used 33834K, capacity 42137K, committed 42440K, reserved 1081344K
  class space    used 8401K, capacity 11326K, committed 11392K, reserved 1048576K
}
Event: 36.536 GC heap before
{Heap before GC invocations=25 (full 0):
 garbage-first heap   total 112640K, used 87172K [0x0000000600000000, 0x0000000800000000)
  region size 2048K, 23 young (47104K), 2 survivors (4096K)
 Metaspace       used 34211K, capacity 42681K, committed 42952K, reserved 1081344K
  class space    used 8524K, capacity 11522K, committed 11648K, reserved 1048576K
}
Event: 36.538 GC heap after
{Heap after GC invocations=26 (full 0):
 garbage-first heap   total 112640K, used 44569K [0x0000000600000000, 0x0000000800000000)
  region size 2048K, 2 young (4096K), 2 survivors (4096K)
 Metaspace       used 34211K, capacity 42681K, committed 42952K, reserved 1081344K
  class space    used 8524K, capacity 11522K, committed 11648K, reserved 1048576K
}
Event: 36.964 GC heap before
{Heap before GC invocations=26 (full 0):
 garbage-first heap   total 112640K, used 89625K [0x0000000600000000, 0x0000000800000000)
  region size 2048K, 24 young (49152K), 2 survivors (4096K)
 Metaspace       used 34211K, capacity 42681K, committed 42952K, reserved 1081344K
  class space    used 8524K, capacity 11522K, committed 11648K, reserved 1048576K
}
Event: 36.966 GC heap after
{Heap after GC invocations=27 (full 0):
 garbage-first heap   total 112640K, used 44612K [0x0000000600000000, 0x0000000800000000)
  region size 2048K, 2 young (4096K), 2 survivors (4096K)
 Metaspace       used 34211K, capacity 42681K, committed 42952K, reserved 1081344K
  class space    used 8524K, capacity 11522K, committed 11648K, reserved 1048576K
}
Event: 40.575 GC heap before
{Heap before GC invocations=27 (full 0):
 garbage-first heap   total 112640K, used 87620K [0x0000000600000000, 0x0000000800000000)
  region size 2048K, 24 young (49152K), 2 survivors (4096K)
 Metaspace       used 35011K, capacity 43658K, committed 43848K, reserved 1081344K
  class space    used 8674K, capacity 11720K, committed 11776K, reserved 1048576K
}
Event: 40.577 GC heap after
{Heap after GC invocations=28 (full 0):
 garbage-first heap   total 112640K, used 45189K [0x0000000600000000, 0x0000000800000000)
  region size 2048K, 2 young (4096K), 2 survivors (4096K)
 Metaspace       used 35011K, capacity 43658K, committed 43848K, reserved 1081344K
  class space    used 8674K, capacity 11720K, committed 11776K, reserved 1048576K
}

